Using pre-set license
Built from '2020.3/staging' branch; Version is '2020.3.3f1 (76626098c1c4) revision 7758432'; Using compiler version '192528614'; Build Type 'Release'
OS: 'Windows 10 Home; OS build 19041.928; Version 2004; 64bit' Language: 'en' Physical Memory: 8121 MB
BatchMode: 1, IsHumanControllingUs: 0, StartBugReporterOnCrash: 0, Is64bit: 1, IsPro: 0

 COMMAND LINE ARGUMENTS:
C:\Program Files\Unity\Hub\Editor\2020.3.3f1\Editor\Unity.exe
-adb2
-batchMode
-noUpm
-name
AssetImportWorker0
-projectPath
C:/Users/Marco/Documents/GitHub/nest2/JungleGame
-logFile
Logs/AssetImportWorker0.log
-srvPort
56095
Successfully changed project path to: C:/Users/Marco/Documents/GitHub/nest2/JungleGame
C:/Users/Marco/Documents/GitHub/nest2/JungleGame
Using Asset Import Pipeline V2.
Refreshing native plugins compatible for Editor in 79.77 ms, found 0 plugins.
Preloading 0 native plugins for Editor in 0.00 ms.
Initialize engine version: 2020.3.3f1 (76626098c1c4)
[Subsystems] Discovering subsystems at path C:/Program Files/Unity/Hub/Editor/2020.3.3f1/Editor/Data/Resources/UnitySubsystems
[Subsystems] Discovering subsystems at path C:/Users/Marco/Documents/GitHub/nest2/JungleGame/Assets
GfxDevice: creating device client; threaded=0
Direct3D:
    Version:  Direct3D 11.0 [level 11.1]
    Renderer: NVIDIA GeForce GTX 1660 Ti (ID=0x2182)
    Vendor:   
    VRAM:     5991 MB
    Driver:   27.21.14.5671
Shader 'Universal Render Pipeline/Particles/Lit': fallback shader 'Universal Render Pipeline/Particles/SimpleLit' not found
Initialize mono
Mono path[0] = 'C:/Program Files/Unity/Hub/Editor/2020.3.3f1/Editor/Data/Managed'
Mono path[1] = 'C:/Program Files/Unity/Hub/Editor/2020.3.3f1/Editor/Data/MonoBleedingEdge/lib/mono/unityjit'
Mono config path = 'C:/Program Files/Unity/Hub/Editor/2020.3.3f1/Editor/Data/MonoBleedingEdge/etc'
Using monoOptions --debugger-agent=transport=dt_socket,embedding=1,server=y,suspend=n,address=127.0.0.1:56524
Begin MonoManager ReloadAssembly
Registering precompiled unity dll's ...
Register platform support module: C:/Program Files/Unity/Hub/Editor/2020.3.3f1/Editor/Data/PlaybackEngines/WindowsStandaloneSupport/UnityEditor.WindowsStandalone.Extensions.dll
Registered in 0.001758 seconds.
Native extension for WindowsStandalone target not found
Refreshing native plugins compatible for Editor in 77.44 ms, found 0 plugins.
Preloading 0 native plugins for Editor in 0.00 ms.
Invoked RoslynAnalysisRunner static constructor.
RoslynAnalysisRunner will not be running.
RoslynAnalysisRunner has terminated.
Mono: successfully reloaded assembly
- Completed reload, in  0.890 seconds
Platform modules already initialized, skipping
Registering precompiled user dll's ...
Registered in 0.001413 seconds.
Begin MonoManager ReloadAssembly
Native extension for WindowsStandalone target not found
Refreshing native plugins compatible for Editor in 100.54 ms, found 0 plugins.
Preloading 0 native plugins for Editor in 0.00 ms.
Invoked RoslynAnalysisRunner static constructor.
RoslynAnalysisRunner will not be running.
RoslynAnalysisRunner has terminated.
Mono: successfully reloaded assembly
- Completed reload, in  0.903 seconds
Platform modules already initialized, skipping
========================================================================
Worker process is ready to serve import requests
Shader 'Universal Render Pipeline/Particles/Lit': fallback shader 'Universal Render Pipeline/Particles/SimpleLit' not found
Launched and connected shader compiler UnityShaderCompiler.exe after 0.04 seconds
Refreshing native plugins compatible for Editor in 1.42 ms, found 0 plugins.
Preloading 0 native plugins for Editor in 0.00 ms.
Unloading 2575 Unused Serialized files (Serialized files now loaded: 0)
System memory in use before: 123.7 MB.
System memory in use after: 123.9 MB.

Unloading 14 unused Assets to reduce memory usage. Loaded Objects now: 3023.
Total: 2.722900 ms (FindLiveObjects: 0.721900 ms CreateObjectMapping: 0.077200 ms MarkObjects: 1.847100 ms  DeleteObjects: 0.075400 ms)

========================================================================
Received Import Request.
  path: Assets/Scenes/Minigames/TurntablesGame.unity
  artifactKey: Guid(6c9b93b7b0eedda4da563620a2ace5a7) Importer(815301076,1909f56bfc062723c751e8b465ee728b)
Start importing Assets/Scenes/Minigames/TurntablesGame.unity using Guid(6c9b93b7b0eedda4da563620a2ace5a7) Importer(815301076,1909f56bfc062723c751e8b465ee728b)  -> (artifact id: '10fb904a2d49583e56652c0345f7ef94') in 0.015894 seconds
  Import took 0.020440 seconds .

========================================================================
Received Import Request.
  Time since last request: 55.881089 seconds.
  path: Assets/Scenes/Minigames/TurntablesGame.unity
  artifactKey: Guid(6c9b93b7b0eedda4da563620a2ace5a7) Importer(815301076,1909f56bfc062723c751e8b465ee728b)
Start importing Assets/Scenes/Minigames/TurntablesGame.unity using Guid(6c9b93b7b0eedda4da563620a2ace5a7) Importer(815301076,1909f56bfc062723c751e8b465ee728b)  -> (artifact id: 'd5ed8c2a6f6a6c5c6f06f2a4825165f1') in 0.002488 seconds
  Import took 0.007119 seconds .

========================================================================
Received Import Request.
  Time since last request: 17.908367 seconds.
  path: Assets/Scripts/SceneManagers
  artifactKey: Guid(6fecb929b8088fb42a6e71d4c59edce0) Importer(815301076,1909f56bfc062723c751e8b465ee728b)
Start importing Assets/Scripts/SceneManagers using Guid(6fecb929b8088fb42a6e71d4c59edce0) Importer(815301076,1909f56bfc062723c751e8b465ee728b)  -> (artifact id: '1547aba4083a93feb559409a8ecb4c43') in 0.006662 seconds
  Import took 0.011577 seconds .

========================================================================
Received Import Request.
  Time since last request: 13.661840 seconds.
  path: Assets/Scripts/Minigames/TuntablesGame
  artifactKey: Guid(b6d5ca99d5d98a44b8856fa649f8e4dd) Importer(815301076,1909f56bfc062723c751e8b465ee728b)
Start importing Assets/Scripts/Minigames/TuntablesGame using Guid(b6d5ca99d5d98a44b8856fa649f8e4dd) Importer(815301076,1909f56bfc062723c751e8b465ee728b)  -> (artifact id: '06bc5216142219a277542f9e5d42dacd') in 0.006095 seconds
  Import took 0.010590 seconds .

========================================================================
Received Import Request.
  Time since last request: 13.144548 seconds.
  path: Assets/Scripts/Minigames/TuntablesGame/TuntableGameManager.cs
  artifactKey: Guid(2ec6c8ceb7f3da24988dd3cdcd69f1e7) Importer(815301076,1909f56bfc062723c751e8b465ee728b)
Start importing Assets/Scripts/Minigames/TuntablesGame/TuntableGameManager.cs using Guid(2ec6c8ceb7f3da24988dd3cdcd69f1e7) Importer(815301076,1909f56bfc062723c751e8b465ee728b)  -> (artifact id: 'd70c181ecb7b6b017d2238728faca49f') in 0.030205 seconds
  Import took 0.034785 seconds .

========================================================================
Received Prepare
Registering precompiled user dll's ...
Registered in 0.002008 seconds.
Begin MonoManager ReloadAssembly
Native extension for WindowsStandalone target not found
Refreshing native plugins compatible for Editor in 1.08 ms, found 0 plugins.
Preloading 0 native plugins for Editor in 0.00 ms.
Invoked RoslynAnalysisRunner static constructor.
RoslynAnalysisRunner will not be running.
RoslynAnalysisRunner has terminated.
Mono: successfully reloaded assembly
- Completed reload, in  0.717 seconds
Platform modules already initialized, skipping
Shader 'Universal Render Pipeline/Particles/Lit': fallback shader 'Universal Render Pipeline/Particles/SimpleLit' not found
Refreshing native plugins compatible for Editor in 1.06 ms, found 0 plugins.
Preloading 0 native plugins for Editor in 0.00 ms.
Unloading 2453 Unused Serialized files (Serialized files now loaded: 0)
System memory in use before: 115.6 MB.
System memory in use after: 115.8 MB.

Unloading 5 unused Assets to reduce memory usage. Loaded Objects now: 3026.
Total: 2.134700 ms (FindLiveObjects: 0.316700 ms CreateObjectMapping: 0.069400 ms MarkObjects: 1.733800 ms  DeleteObjects: 0.014000 ms)

========================================================================
Received Import Request.
  Time since last request: 20.072471 seconds.
  path: Assets/Scripts/Minigames/TuntablesGame/TurntablesGameManager.cs
  artifactKey: Guid(89e80a9d50e3ef54ebeaae10070026a2) Importer(815301076,1909f56bfc062723c751e8b465ee728b)
Start importing Assets/Scripts/Minigames/TuntablesGame/TurntablesGameManager.cs using Guid(89e80a9d50e3ef54ebeaae10070026a2) Importer(815301076,1909f56bfc062723c751e8b465ee728b)  -> (artifact id: 'a4eae0d19fbd8ca0e2fbf93dc0d1e3e0') in 0.011589 seconds
  Import took 0.017189 seconds .

========================================================================
Received Import Request.
  Time since last request: 0.014193 seconds.
  path: Assets/Scripts/Minigames/TuntablesGame/TurntablesGameManager.cs
  artifactKey: Guid(89e80a9d50e3ef54ebeaae10070026a2) Importer(815301076,1909f56bfc062723c751e8b465ee728b)
Start importing Assets/Scripts/Minigames/TuntablesGame/TurntablesGameManager.cs using Guid(89e80a9d50e3ef54ebeaae10070026a2) Importer(815301076,1909f56bfc062723c751e8b465ee728b)  -> (artifact id: 'a4eae0d19fbd8ca0e2fbf93dc0d1e3e0') in 0.002336 seconds
  Import took 0.007340 seconds .

========================================================================
Received Prepare
Registering precompiled user dll's ...
Registered in 0.002616 seconds.
Begin MonoManager ReloadAssembly
Native extension for WindowsStandalone target not found
Refreshing native plugins compatible for Editor in 1.72 ms, found 0 plugins.
Preloading 0 native plugins for Editor in 0.00 ms.
Invoked RoslynAnalysisRunner static constructor.
RoslynAnalysisRunner will not be running.
RoslynAnalysisRunner has terminated.
Mono: successfully reloaded assembly
- Completed reload, in  0.887 seconds
Platform modules already initialized, skipping
Shader 'Universal Render Pipeline/Particles/Lit': fallback shader 'Universal Render Pipeline/Particles/SimpleLit' not found
Refreshing native plugins compatible for Editor in 1.34 ms, found 0 plugins.
Preloading 0 native plugins for Editor in 0.00 ms.
Unloading 2454 Unused Serialized files (Serialized files now loaded: 0)
System memory in use before: 115.7 MB.
System memory in use after: 115.9 MB.

Unloading 5 unused Assets to reduce memory usage. Loaded Objects now: 3030.
Total: 2.870400 ms (FindLiveObjects: 0.471100 ms CreateObjectMapping: 0.086300 ms MarkObjects: 2.292100 ms  DeleteObjects: 0.019800 ms)

========================================================================
Received Import Request.
  Time since last request: 53.491213 seconds.
  path: Assets/ArtFolder
  artifactKey: Guid(5e39cb507ecb1874aa8e0deb23c069dd) Importer(815301076,1909f56bfc062723c751e8b465ee728b)
Start importing Assets/ArtFolder using Guid(5e39cb507ecb1874aa8e0deb23c069dd) Importer(815301076,1909f56bfc062723c751e8b465ee728b)  -> (artifact id: 'e88d49d78483d575066643667550f55f') in 0.010717 seconds
  Import took 0.015688 seconds .

========================================================================
Received Import Request.
  Time since last request: 1.239981 seconds.
  path: Assets/ArtFolder/Minigames
  artifactKey: Guid(eedc67543ca6e2440a3e2ef9f21f934c) Importer(815301076,1909f56bfc062723c751e8b465ee728b)
Start importing Assets/ArtFolder/Minigames using Guid(eedc67543ca6e2440a3e2ef9f21f934c) Importer(815301076,1909f56bfc062723c751e8b465ee728b)  -> (artifact id: '2d2f990f105be03ef8369691a5b3d43e') in 0.007131 seconds
  Import took 0.012023 seconds .

========================================================================
Received Import Request.
  Time since last request: 2.004107 seconds.
  path: Assets/ArtFolder/Minigames/Turntable
  artifactKey: Guid(61d5bb37fd06e9648863fec902e6c61b) Importer(815301076,1909f56bfc062723c751e8b465ee728b)
Start importing Assets/ArtFolder/Minigames/Turntable using Guid(61d5bb37fd06e9648863fec902e6c61b) Importer(815301076,1909f56bfc062723c751e8b465ee728b)  -> (artifact id: 'f815ee7e7a73c015215bbc32c7ac9ecf') in 0.005966 seconds
  Import took 0.010643 seconds .

========================================================================
Received Import Request.
  Time since last request: 712.948157 seconds.
  path: Assets/ArtFolder/Minigames/Turntable/turntableBG.png
  artifactKey: Guid(6e4b67b53e441314fab6b46fb69a3ac4) Importer(815301076,1909f56bfc062723c751e8b465ee728b)
Start importing Assets/ArtFolder/Minigames/Turntable/turntableBG.png using Guid(6e4b67b53e441314fab6b46fb69a3ac4) Importer(815301076,1909f56bfc062723c751e8b465ee728b)  -> (artifact id: '7dc91b7e6c129e652eb4c8592c4dbafb') in 0.096031 seconds
  Import took 0.100670 seconds .

========================================================================
Received Import Request.
  Time since last request: 728.944195 seconds.
  path: Assets/Resources/Prefabs/Minigames/FroggerGame/LargeLog.prefab
  artifactKey: Guid(925581f32b7dedf4a852b8a19ab7efd1) Importer(815301076,1909f56bfc062723c751e8b465ee728b)
Start importing Assets/Resources/Prefabs/Minigames/FroggerGame/LargeLog.prefab using Guid(925581f32b7dedf4a852b8a19ab7efd1) Importer(815301076,1909f56bfc062723c751e8b465ee728b)  -> (artifact id: '82f05ed622f46980dfc7a3e8e87c9eb5') in 0.026339 seconds
  Import took 0.031737 seconds .

========================================================================
Received Import Request.
  Time since last request: 32.363414 seconds.
  path: Assets/Resources/Prefabs/Minigames/FroggerGame/LargeLog.prefab
  artifactKey: Guid(925581f32b7dedf4a852b8a19ab7efd1) Importer(815301076,1909f56bfc062723c751e8b465ee728b)
Start importing Assets/Resources/Prefabs/Minigames/FroggerGame/LargeLog.prefab using Guid(925581f32b7dedf4a852b8a19ab7efd1) Importer(815301076,1909f56bfc062723c751e8b465ee728b)  -> (artifact id: 'bb3f4f2325b38cdca321a526de49accf') in 0.004068 seconds
  Import took 0.011168 seconds .

========================================================================
Received Prepare
Registering precompiled user dll's ...
Registered in 0.001998 seconds.
Begin MonoManager ReloadAssembly
Native extension for WindowsStandalone target not found
Refreshing native plugins compatible for Editor in 1.11 ms, found 0 plugins.
Preloading 0 native plugins for Editor in 0.00 ms.
Invoked RoslynAnalysisRunner static constructor.
RoslynAnalysisRunner will not be running.
RoslynAnalysisRunner has terminated.
Mono: successfully reloaded assembly
- Completed reload, in  0.888 seconds
Platform modules already initialized, skipping
Shader 'Universal Render Pipeline/Particles/Lit': fallback shader 'Universal Render Pipeline/Particles/SimpleLit' not found
Refreshing native plugins compatible for Editor in 1.12 ms, found 0 plugins.
Preloading 0 native plugins for Editor in 0.00 ms.
Unloading 2454 Unused Serialized files (Serialized files now loaded: 0)
System memory in use before: 118.7 MB.
System memory in use after: 118.9 MB.

Unloading 5 unused Assets to reduce memory usage. Loaded Objects now: 3039.
Total: 2.452400 ms (FindLiveObjects: 0.386400 ms CreateObjectMapping: 0.080800 ms MarkObjects: 1.967100 ms  DeleteObjects: 0.017300 ms)

========================================================================
Received Prepare
Registering precompiled user dll's ...
Registered in 0.002329 seconds.
Begin MonoManager ReloadAssembly
Native extension for WindowsStandalone target not found
Refreshing native plugins compatible for Editor in 1.09 ms, found 0 plugins.
Preloading 0 native plugins for Editor in 0.00 ms.
Invoked RoslynAnalysisRunner static constructor.
RoslynAnalysisRunner will not be running.
RoslynAnalysisRunner has terminated.
Mono: successfully reloaded assembly
- Completed reload, in  0.715 seconds
Platform modules already initialized, skipping
Shader 'Universal Render Pipeline/Particles/Lit': fallback shader 'Universal Render Pipeline/Particles/SimpleLit' not found
Refreshing native plugins compatible for Editor in 1.09 ms, found 0 plugins.
Preloading 0 native plugins for Editor in 0.00 ms.
Unloading 2454 Unused Serialized files (Serialized files now loaded: 0)
System memory in use before: 118.7 MB.
System memory in use after: 118.9 MB.

Unloading 5 unused Assets to reduce memory usage. Loaded Objects now: 3042.
Total: 2.174500 ms (FindLiveObjects: 0.383900 ms CreateObjectMapping: 0.069800 ms MarkObjects: 1.702900 ms  DeleteObjects: 0.016000 ms)

========================================================================
Received Prepare
Registering precompiled user dll's ...
Registered in 0.001768 seconds.
Begin MonoManager ReloadAssembly
Native extension for WindowsStandalone target not found
Refreshing native plugins compatible for Editor in 1.03 ms, found 0 plugins.
Preloading 0 native plugins for Editor in 0.00 ms.
Invoked RoslynAnalysisRunner static constructor.
RoslynAnalysisRunner will not be running.
RoslynAnalysisRunner has terminated.
Mono: successfully reloaded assembly
- Completed reload, in  0.723 seconds
Platform modules already initialized, skipping
Shader 'Universal Render Pipeline/Particles/Lit': fallback shader 'Universal Render Pipeline/Particles/SimpleLit' not found
Refreshing native plugins compatible for Editor in 1.12 ms, found 0 plugins.
Preloading 0 native plugins for Editor in 0.00 ms.
Unloading 2454 Unused Serialized files (Serialized files now loaded: 0)
System memory in use before: 118.6 MB.
System memory in use after: 118.8 MB.

Unloading 5 unused Assets to reduce memory usage. Loaded Objects now: 3045.
Total: 2.628000 ms (FindLiveObjects: 0.334200 ms CreateObjectMapping: 0.069400 ms MarkObjects: 2.207300 ms  DeleteObjects: 0.015500 ms)

========================================================================
Received Prepare
Registering precompiled user dll's ...
Registered in 0.001768 seconds.
Begin MonoManager ReloadAssembly
Native extension for WindowsStandalone target not found
Refreshing native plugins compatible for Editor in 1.07 ms, found 0 plugins.
Preloading 0 native plugins for Editor in 0.00 ms.
Invoked RoslynAnalysisRunner static constructor.
RoslynAnalysisRunner will not be running.
RoslynAnalysisRunner has terminated.
Mono: successfully reloaded assembly
- Completed reload, in  0.715 seconds
Platform modules already initialized, skipping
Shader 'Universal Render Pipeline/Particles/Lit': fallback shader 'Universal Render Pipeline/Particles/SimpleLit' not found
Refreshing native plugins compatible for Editor in 1.18 ms, found 0 plugins.
Preloading 0 native plugins for Editor in 0.00 ms.
Unloading 2454 Unused Serialized files (Serialized files now loaded: 0)
System memory in use before: 118.7 MB.
System memory in use after: 118.9 MB.

Unloading 5 unused Assets to reduce memory usage. Loaded Objects now: 3048.
Total: 2.082800 ms (FindLiveObjects: 0.297800 ms CreateObjectMapping: 0.066600 ms MarkObjects: 1.702800 ms  DeleteObjects: 0.015000 ms)

========================================================================
Received Import Request.
  Time since last request: 7531.312563 seconds.
  path: Assets/Animations/FroggerGame/LargeLog/LargeLog.controller
  artifactKey: Guid(6bcf53994599c5b4a9960e80aa9474be) Importer(815301076,1909f56bfc062723c751e8b465ee728b)
Start importing Assets/Animations/FroggerGame/LargeLog/LargeLog.controller using Guid(6bcf53994599c5b4a9960e80aa9474be) Importer(815301076,1909f56bfc062723c751e8b465ee728b)  -> (artifact id: 'a1efad2849c29938046aa2a0089cad81') in 0.048641 seconds
  Import took 0.054423 seconds .

========================================================================
Received Prepare
Registering precompiled user dll's ...
Registered in 0.002448 seconds.
Begin MonoManager ReloadAssembly
Native extension for WindowsStandalone target not found
Refreshing native plugins compatible for Editor in 1.34 ms, found 0 plugins.
Preloading 0 native plugins for Editor in 0.00 ms.
Invoked RoslynAnalysisRunner static constructor.
RoslynAnalysisRunner will not be running.
RoslynAnalysisRunner has terminated.
Mono: successfully reloaded assembly
- Completed reload, in  0.898 seconds
Platform modules already initialized, skipping
Shader 'Universal Render Pipeline/Particles/Lit': fallback shader 'Universal Render Pipeline/Particles/SimpleLit' not found
Refreshing native plugins compatible for Editor in 1.08 ms, found 0 plugins.
Preloading 0 native plugins for Editor in 0.00 ms.
Unloading 2454 Unused Serialized files (Serialized files now loaded: 0)
System memory in use before: 118.8 MB.
System memory in use after: 119.0 MB.

Unloading 5 unused Assets to reduce memory usage. Loaded Objects now: 3051.
Total: 3.179200 ms (FindLiveObjects: 0.435000 ms CreateObjectMapping: 0.081200 ms MarkObjects: 2.646500 ms  DeleteObjects: 0.015500 ms)

========================================================================
Received Prepare
Registering precompiled user dll's ...
Registered in 0.002145 seconds.
Begin MonoManager ReloadAssembly
Native extension for WindowsStandalone target not found
Refreshing native plugins compatible for Editor in 1.24 ms, found 0 plugins.
Preloading 0 native plugins for Editor in 0.00 ms.
Invoked RoslynAnalysisRunner static constructor.
RoslynAnalysisRunner will not be running.
RoslynAnalysisRunner has terminated.
Mono: successfully reloaded assembly
- Completed reload, in  0.814 seconds
Platform modules already initialized, skipping
Shader 'Universal Render Pipeline/Particles/Lit': fallback shader 'Universal Render Pipeline/Particles/SimpleLit' not found
Refreshing native plugins compatible for Editor in 1.07 ms, found 0 plugins.
Preloading 0 native plugins for Editor in 0.00 ms.
Unloading 2454 Unused Serialized files (Serialized files now loaded: 0)
System memory in use before: 118.8 MB.
System memory in use after: 119.0 MB.

Unloading 5 unused Assets to reduce memory usage. Loaded Objects now: 3054.
Total: 2.368200 ms (FindLiveObjects: 0.436200 ms CreateObjectMapping: 0.068100 ms MarkObjects: 1.844500 ms  DeleteObjects: 0.018000 ms)

========================================================================
Received Prepare
Registering precompiled user dll's ...
Registered in 0.001814 seconds.
Begin MonoManager ReloadAssembly
Native extension for WindowsStandalone target not found
Refreshing native plugins compatible for Editor in 1.44 ms, found 0 plugins.
Preloading 0 native plugins for Editor in 0.00 ms.
Invoked RoslynAnalysisRunner static constructor.
RoslynAnalysisRunner will not be running.
RoslynAnalysisRunner has terminated.
Mono: successfully reloaded assembly
- Completed reload, in  0.774 seconds
Platform modules already initialized, skipping
Shader 'Universal Render Pipeline/Particles/Lit': fallback shader 'Universal Render Pipeline/Particles/SimpleLit' not found
Refreshing native plugins compatible for Editor in 1.08 ms, found 0 plugins.
Preloading 0 native plugins for Editor in 0.00 ms.
Unloading 2454 Unused Serialized files (Serialized files now loaded: 0)
System memory in use before: 118.8 MB.
System memory in use after: 119.0 MB.

Unloading 5 unused Assets to reduce memory usage. Loaded Objects now: 3057.
Total: 2.213900 ms (FindLiveObjects: 0.291900 ms CreateObjectMapping: 0.078200 ms MarkObjects: 1.825500 ms  DeleteObjects: 0.017400 ms)

========================================================================
Received Prepare
Registering precompiled user dll's ...
Registered in 0.001832 seconds.
Begin MonoManager ReloadAssembly
Native extension for WindowsStandalone target not found
Refreshing native plugins compatible for Editor in 1.28 ms, found 0 plugins.
Preloading 0 native plugins for Editor in 0.00 ms.
Invoked RoslynAnalysisRunner static constructor.
RoslynAnalysisRunner will not be running.
RoslynAnalysisRunner has terminated.
Mono: successfully reloaded assembly
- Completed reload, in  0.742 seconds
Platform modules already initialized, skipping
Shader 'Universal Render Pipeline/Particles/Lit': fallback shader 'Universal Render Pipeline/Particles/SimpleLit' not found
Refreshing native plugins compatible for Editor in 1.06 ms, found 0 plugins.
Preloading 0 native plugins for Editor in 0.00 ms.
Unloading 2454 Unused Serialized files (Serialized files now loaded: 0)
System memory in use before: 118.8 MB.
System memory in use after: 119.1 MB.

Unloading 5 unused Assets to reduce memory usage. Loaded Objects now: 3060.
Total: 2.834000 ms (FindLiveObjects: 0.395900 ms CreateObjectMapping: 0.089900 ms MarkObjects: 2.330700 ms  DeleteObjects: 0.016300 ms)

========================================================================
Received Prepare
Registering precompiled user dll's ...
Registered in 0.001846 seconds.
Begin MonoManager ReloadAssembly
Native extension for WindowsStandalone target not found
Refreshing native plugins compatible for Editor in 1.07 ms, found 0 plugins.
Preloading 0 native plugins for Editor in 0.00 ms.
Invoked RoslynAnalysisRunner static constructor.
RoslynAnalysisRunner will not be running.
RoslynAnalysisRunner has terminated.
Mono: successfully reloaded assembly
- Completed reload, in  0.723 seconds
Platform modules already initialized, skipping
Shader 'Universal Render Pipeline/Particles/Lit': fallback shader 'Universal Render Pipeline/Particles/SimpleLit' not found
Refreshing native plugins compatible for Editor in 1.15 ms, found 0 plugins.
Preloading 0 native plugins for Editor in 0.00 ms.
Unloading 2454 Unused Serialized files (Serialized files now loaded: 0)
System memory in use before: 118.8 MB.
System memory in use after: 119.1 MB.

Unloading 5 unused Assets to reduce memory usage. Loaded Objects now: 3063.
Total: 2.398200 ms (FindLiveObjects: 0.470700 ms CreateObjectMapping: 0.182500 ms MarkObjects: 1.726600 ms  DeleteObjects: 0.017300 ms)

========================================================================
Received Prepare
Registering precompiled user dll's ...
Registered in 0.002019 seconds.
Begin MonoManager ReloadAssembly
Native extension for WindowsStandalone target not found
Refreshing native plugins compatible for Editor in 1.08 ms, found 0 plugins.
Preloading 0 native plugins for Editor in 0.00 ms.
Invoked RoslynAnalysisRunner static constructor.
RoslynAnalysisRunner will not be running.
RoslynAnalysisRunner has terminated.
Mono: successfully reloaded assembly
- Completed reload, in  0.737 seconds
Platform modules already initialized, skipping
Shader 'Universal Render Pipeline/Particles/Lit': fallback shader 'Universal Render Pipeline/Particles/SimpleLit' not found
Refreshing native plugins compatible for Editor in 1.07 ms, found 0 plugins.
Preloading 0 native plugins for Editor in 0.00 ms.
Unloading 2454 Unused Serialized files (Serialized files now loaded: 0)
System memory in use before: 118.9 MB.
System memory in use after: 119.1 MB.

Unloading 5 unused Assets to reduce memory usage. Loaded Objects now: 3066.
Total: 2.564700 ms (FindLiveObjects: 0.417700 ms CreateObjectMapping: 0.073800 ms MarkObjects: 2.054300 ms  DeleteObjects: 0.017700 ms)

========================================================================
Received Prepare
Registering precompiled user dll's ...
Registered in 0.001779 seconds.
Begin MonoManager ReloadAssembly
Native extension for WindowsStandalone target not found
Refreshing native plugins compatible for Editor in 1.12 ms, found 0 plugins.
Preloading 0 native plugins for Editor in 0.00 ms.
Invoked RoslynAnalysisRunner static constructor.
RoslynAnalysisRunner will not be running.
RoslynAnalysisRunner has terminated.
Mono: successfully reloaded assembly
- Completed reload, in  0.726 seconds
Platform modules already initialized, skipping
Shader 'Universal Render Pipeline/Particles/Lit': fallback shader 'Universal Render Pipeline/Particles/SimpleLit' not found
Refreshing native plugins compatible for Editor in 1.23 ms, found 0 plugins.
Preloading 0 native plugins for Editor in 0.00 ms.
Unloading 2454 Unused Serialized files (Serialized files now loaded: 0)
System memory in use before: 118.8 MB.
System memory in use after: 119.0 MB.

Unloading 5 unused Assets to reduce memory usage. Loaded Objects now: 3069.
Total: 3.485900 ms (FindLiveObjects: 0.888300 ms CreateObjectMapping: 0.114000 ms MarkObjects: 2.453700 ms  DeleteObjects: 0.027800 ms)

========================================================================
Received Prepare
Registering precompiled user dll's ...
Registered in 0.001600 seconds.
Begin MonoManager ReloadAssembly
Native extension for WindowsStandalone target not found
Refreshing native plugins compatible for Editor in 1.08 ms, found 0 plugins.
Preloading 0 native plugins for Editor in 0.00 ms.
Invoked RoslynAnalysisRunner static constructor.
RoslynAnalysisRunner will not be running.
RoslynAnalysisRunner has terminated.
Mono: successfully reloaded assembly
- Completed reload, in  0.721 seconds
Platform modules already initialized, skipping
Shader 'Universal Render Pipeline/Particles/Lit': fallback shader 'Universal Render Pipeline/Particles/SimpleLit' not found
Refreshing native plugins compatible for Editor in 1.08 ms, found 0 plugins.
Preloading 0 native plugins for Editor in 0.00 ms.
Unloading 2454 Unused Serialized files (Serialized files now loaded: 0)
System memory in use before: 118.9 MB.
System memory in use after: 119.1 MB.

Unloading 5 unused Assets to reduce memory usage. Loaded Objects now: 3072.
Total: 2.317500 ms (FindLiveObjects: 0.352500 ms CreateObjectMapping: 0.082200 ms MarkObjects: 1.852200 ms  DeleteObjects: 0.028400 ms)

========================================================================
Received Prepare
Registering precompiled user dll's ...
Registered in 0.002298 seconds.
Begin MonoManager ReloadAssembly
Native extension for WindowsStandalone target not found
Refreshing native plugins compatible for Editor in 1.15 ms, found 0 plugins.
Preloading 0 native plugins for Editor in 0.00 ms.
Invoked RoslynAnalysisRunner static constructor.
RoslynAnalysisRunner will not be running.
RoslynAnalysisRunner has terminated.
Mono: successfully reloaded assembly
- Completed reload, in  0.774 seconds
Platform modules already initialized, skipping
Shader 'Universal Render Pipeline/Particles/Lit': fallback shader 'Universal Render Pipeline/Particles/SimpleLit' not found
Refreshing native plugins compatible for Editor in 1.14 ms, found 0 plugins.
Preloading 0 native plugins for Editor in 0.00 ms.
Unloading 2454 Unused Serialized files (Serialized files now loaded: 0)
System memory in use before: 118.9 MB.
System memory in use after: 119.1 MB.

Unloading 5 unused Assets to reduce memory usage. Loaded Objects now: 3075.
Total: 2.265400 ms (FindLiveObjects: 0.446200 ms CreateObjectMapping: 0.070000 ms MarkObjects: 1.731300 ms  DeleteObjects: 0.015900 ms)

========================================================================
Received Prepare
Registering precompiled user dll's ...
Registered in 0.001960 seconds.
Begin MonoManager ReloadAssembly
Native extension for WindowsStandalone target not found
Refreshing native plugins compatible for Editor in 1.08 ms, found 0 plugins.
Preloading 0 native plugins for Editor in 0.00 ms.
Invoked RoslynAnalysisRunner static constructor.
RoslynAnalysisRunner will not be running.
RoslynAnalysisRunner has terminated.
Mono: successfully reloaded assembly
- Completed reload, in  0.739 seconds
Platform modules already initialized, skipping
Shader 'Universal Render Pipeline/Particles/Lit': fallback shader 'Universal Render Pipeline/Particles/SimpleLit' not found
Refreshing native plugins compatible for Editor in 1.09 ms, found 0 plugins.
Preloading 0 native plugins for Editor in 0.00 ms.
Unloading 2454 Unused Serialized files (Serialized files now loaded: 0)
System memory in use before: 118.9 MB.
System memory in use after: 119.1 MB.

Unloading 5 unused Assets to reduce memory usage. Loaded Objects now: 3078.
Total: 2.439700 ms (FindLiveObjects: 0.505100 ms CreateObjectMapping: 0.071600 ms MarkObjects: 1.845800 ms  DeleteObjects: 0.015300 ms)

========================================================================
Received Prepare
Registering precompiled user dll's ...
Registered in 0.001730 seconds.
Begin MonoManager ReloadAssembly
Native extension for WindowsStandalone target not found
Refreshing native plugins compatible for Editor in 1.25 ms, found 0 plugins.
Preloading 0 native plugins for Editor in 0.00 ms.
Invoked RoslynAnalysisRunner static constructor.
RoslynAnalysisRunner will not be running.
RoslynAnalysisRunner has terminated.
Mono: successfully reloaded assembly
- Completed reload, in  0.732 seconds
Platform modules already initialized, skipping
Shader 'Universal Render Pipeline/Particles/Lit': fallback shader 'Universal Render Pipeline/Particles/SimpleLit' not found
Refreshing native plugins compatible for Editor in 1.12 ms, found 0 plugins.
Preloading 0 native plugins for Editor in 0.00 ms.
Unloading 2454 Unused Serialized files (Serialized files now loaded: 0)
System memory in use before: 118.9 MB.
System memory in use after: 119.1 MB.

Unloading 5 unused Assets to reduce memory usage. Loaded Objects now: 3081.
Total: 2.756000 ms (FindLiveObjects: 0.454300 ms CreateObjectMapping: 0.082400 ms MarkObjects: 2.199800 ms  DeleteObjects: 0.018500 ms)

========================================================================
Received Prepare
Registering precompiled user dll's ...
Registered in 0.001749 seconds.
Begin MonoManager ReloadAssembly
Native extension for WindowsStandalone target not found
Refreshing native plugins compatible for Editor in 1.13 ms, found 0 plugins.
Preloading 0 native plugins for Editor in 0.00 ms.
Invoked RoslynAnalysisRunner static constructor.
RoslynAnalysisRunner will not be running.
RoslynAnalysisRunner has terminated.
Mono: successfully reloaded assembly
- Completed reload, in  0.768 seconds
Platform modules already initialized, skipping
Shader 'Universal Render Pipeline/Particles/Lit': fallback shader 'Universal Render Pipeline/Particles/SimpleLit' not found
Refreshing native plugins compatible for Editor in 1.06 ms, found 0 plugins.
Preloading 0 native plugins for Editor in 0.00 ms.
Unloading 2454 Unused Serialized files (Serialized files now loaded: 0)
System memory in use before: 118.8 MB.
System memory in use after: 119.0 MB.

Unloading 5 unused Assets to reduce memory usage. Loaded Objects now: 3084.
Total: 3.475000 ms (FindLiveObjects: 0.636600 ms CreateObjectMapping: 0.084300 ms MarkObjects: 2.737200 ms  DeleteObjects: 0.016000 ms)

========================================================================
Received Prepare
Registering precompiled user dll's ...
Registered in 0.001967 seconds.
Begin MonoManager ReloadAssembly
Native extension for WindowsStandalone target not found
Refreshing native plugins compatible for Editor in 1.04 ms, found 0 plugins.
Preloading 0 native plugins for Editor in 0.00 ms.
Invoked RoslynAnalysisRunner static constructor.
RoslynAnalysisRunner will not be running.
RoslynAnalysisRunner has terminated.
Mono: successfully reloaded assembly
- Completed reload, in  0.720 seconds
Platform modules already initialized, skipping
Shader 'Universal Render Pipeline/Particles/Lit': fallback shader 'Universal Render Pipeline/Particles/SimpleLit' not found
Refreshing native plugins compatible for Editor in 1.35 ms, found 0 plugins.
Preloading 0 native plugins for Editor in 0.00 ms.
Unloading 2454 Unused Serialized files (Serialized files now loaded: 0)
System memory in use before: 118.9 MB.
System memory in use after: 119.1 MB.

Unloading 5 unused Assets to reduce memory usage. Loaded Objects now: 3087.
Total: 2.139000 ms (FindLiveObjects: 0.325700 ms CreateObjectMapping: 0.067400 ms MarkObjects: 1.729900 ms  DeleteObjects: 0.014700 ms)

========================================================================
Received Prepare
Registering precompiled user dll's ...
Registered in 0.001971 seconds.
Begin MonoManager ReloadAssembly
Native extension for WindowsStandalone target not found
Refreshing native plugins compatible for Editor in 1.20 ms, found 0 plugins.
Preloading 0 native plugins for Editor in 0.00 ms.
Invoked RoslynAnalysisRunner static constructor.
RoslynAnalysisRunner will not be running.
RoslynAnalysisRunner has terminated.
Mono: successfully reloaded assembly
- Completed reload, in  0.735 seconds
Platform modules already initialized, skipping
Shader 'Universal Render Pipeline/Particles/Lit': fallback shader 'Universal Render Pipeline/Particles/SimpleLit' not found
Refreshing native plugins compatible for Editor in 1.45 ms, found 0 plugins.
Preloading 0 native plugins for Editor in 0.00 ms.
Unloading 2454 Unused Serialized files (Serialized files now loaded: 0)
System memory in use before: 118.9 MB.
System memory in use after: 119.1 MB.

Unloading 5 unused Assets to reduce memory usage. Loaded Objects now: 3090.
Total: 3.587500 ms (FindLiveObjects: 0.634100 ms CreateObjectMapping: 0.089700 ms MarkObjects: 2.843100 ms  DeleteObjects: 0.018900 ms)

AssetImportWorkerClient::OnTransportError - code=2 error=End of file
