Using pre-set license
Built from '2020.3/release' branch; Version is '2020.3.1f1 (77a89f25062f) revision 7841951'; Using compiler version '192528614'; Build Type 'Release'
OS: 'Windows 10 Pro; OS build 19042.928; Version 2009; 64bit' Language: 'en' Physical Memory: 8133 MB
BatchMode: 1, IsHumanControllingUs: 0, StartBugReporterOnCrash: 0, Is64bit: 1, IsPro: 0

 COMMAND LINE ARGUMENTS:
C:\Program Files\Unity\Hub\Editor\2020.3.1f1\Editor\Unity.exe
-adb2
-batchMode
-noUpm
-name
AssetImportWorker2
-projectPath
D:/GitHub/nest2/JungleGame
-logFile
Logs/AssetImportWorker2.log
-srvPort
63002
Successfully changed project path to: D:/GitHub/nest2/JungleGame
D:/GitHub/nest2/JungleGame
Using Asset Import Pipeline V2.
Refreshing native plugins compatible for Editor in 101.89 ms, found 0 plugins.
Preloading 0 native plugins for Editor in 0.00 ms.
Initialize engine version: 2020.3.1f1 (77a89f25062f)
[Subsystems] Discovering subsystems at path C:/Program Files/Unity/Hub/Editor/2020.3.1f1/Editor/Data/Resources/UnitySubsystems
[Subsystems] Discovering subsystems at path D:/GitHub/nest2/JungleGame/Assets
GfxDevice: creating device client; threaded=0
Direct3D:
    Version:  Direct3D 11.0 [level 11.1]
    Renderer: NVIDIA GeForce GTX 980 (ID=0x13c0)
    Vendor:   
    VRAM:     4053 MB
    Driver:   27.21.14.6627
Shader 'Universal Render Pipeline/Particles/Lit': fallback shader 'Universal Render Pipeline/Particles/SimpleLit' not found
Initialize mono
Mono path[0] = 'C:/Program Files/Unity/Hub/Editor/2020.3.1f1/Editor/Data/Managed'
Mono path[1] = 'C:/Program Files/Unity/Hub/Editor/2020.3.1f1/Editor/Data/MonoBleedingEdge/lib/mono/unityjit'
Mono config path = 'C:/Program Files/Unity/Hub/Editor/2020.3.1f1/Editor/Data/MonoBleedingEdge/etc'
Using monoOptions --debugger-agent=transport=dt_socket,embedding=1,server=y,suspend=n,address=127.0.0.1:56436
Begin MonoManager ReloadAssembly
Registering precompiled unity dll's ...
Register platform support module: C:/Program Files/Unity/Hub/Editor/2020.3.1f1/Editor/Data/PlaybackEngines/WindowsStandaloneSupport/UnityEditor.WindowsStandalone.Extensions.dll
Registered in 0.001705 seconds.
Native extension for WindowsStandalone target not found
Refreshing native plugins compatible for Editor in 109.08 ms, found 0 plugins.
Preloading 0 native plugins for Editor in 0.00 ms.
Invoked RoslynAnalysisRunner static constructor.
RoslynAnalysisRunner will not be running.
RoslynAnalysisRunner has terminated.
Mono: successfully reloaded assembly
- Completed reload, in  1.226 seconds
Platform modules already initialized, skipping
Registering precompiled user dll's ...
Registered in 0.001738 seconds.
Begin MonoManager ReloadAssembly
Native extension for WindowsStandalone target not found
Refreshing native plugins compatible for Editor in 105.66 ms, found 0 plugins.
Preloading 0 native plugins for Editor in 0.00 ms.
Invoked RoslynAnalysisRunner static constructor.
RoslynAnalysisRunner will not be running.
RoslynAnalysisRunner has terminated.
Mono: successfully reloaded assembly
- Completed reload, in  1.812 seconds
Platform modules already initialized, skipping
========================================================================
Worker process is ready to serve import requests
Shader 'Universal Render Pipeline/Particles/Lit': fallback shader 'Universal Render Pipeline/Particles/SimpleLit' not found
Launched and connected shader compiler UnityShaderCompiler.exe after 0.06 seconds
Refreshing native plugins compatible for Editor in 1.25 ms, found 0 plugins.
Preloading 0 native plugins for Editor in 0.00 ms.
Unloading 2578 Unused Serialized files (Serialized files now loaded: 0)
System memory in use before: 123.5 MB.
System memory in use after: 123.7 MB.

Unloading 14 unused Assets to reduce memory usage. Loaded Objects now: 3026.
Total: 3.275300 ms (FindLiveObjects: 0.320600 ms CreateObjectMapping: 0.143800 ms MarkObjects: 2.726900 ms  DeleteObjects: 0.082700 ms)

========================================================================
Received Import Request.
  path: Assets/Scripts/Minigames/ShellGame
  artifactKey: Guid(d089cb3e1bcf7834db5ef65e55841afd) Importer(815301076,1909f56bfc062723c751e8b465ee728b)
Start importing Assets/Scripts/Minigames/ShellGame using Guid(d089cb3e1bcf7834db5ef65e55841afd) Importer(815301076,1909f56bfc062723c751e8b465ee728b)  -> (artifact id: '52a2d311e3caad7a331d25a96c1a9cfd') in 0.017028 seconds
  Import took 0.022884 seconds .

========================================================================
Received Import Request.
  Time since last request: 2.174472 seconds.
  path: Assets/Scripts/Minigames/ShellGame/ShellGameManager.cs
  artifactKey: Guid(5ba9a51ed6eb9a14188997c05abe9b1c) Importer(815301076,1909f56bfc062723c751e8b465ee728b)
Start importing Assets/Scripts/Minigames/ShellGame/ShellGameManager.cs using Guid(5ba9a51ed6eb9a14188997c05abe9b1c) Importer(815301076,1909f56bfc062723c751e8b465ee728b)  -> (artifact id: '768d69953ca87cc2049f84e85d7dd77b') in 0.094411 seconds
  Import took 0.101657 seconds .

========================================================================
Received Prepare
Registering precompiled user dll's ...
Registered in 0.001798 seconds.
Begin MonoManager ReloadAssembly
Native extension for WindowsStandalone target not found
Refreshing native plugins compatible for Editor in 1.46 ms, found 0 plugins.
Preloading 0 native plugins for Editor in 0.00 ms.
Invoked RoslynAnalysisRunner static constructor.
RoslynAnalysisRunner will not be running.
RoslynAnalysisRunner has terminated.
Mono: successfully reloaded assembly
- Completed reload, in  1.201 seconds
Platform modules already initialized, skipping
Shader 'Universal Render Pipeline/Particles/Lit': fallback shader 'Universal Render Pipeline/Particles/SimpleLit' not found
Refreshing native plugins compatible for Editor in 1.07 ms, found 0 plugins.
Preloading 0 native plugins for Editor in 0.00 ms.
Unloading 2457 Unused Serialized files (Serialized files now loaded: 0)
System memory in use before: 115.5 MB.
System memory in use after: 115.7 MB.

Unloading 5 unused Assets to reduce memory usage. Loaded Objects now: 3030.
Total: 2.652500 ms (FindLiveObjects: 0.248100 ms CreateObjectMapping: 0.114400 ms MarkObjects: 2.258800 ms  DeleteObjects: 0.029600 ms)

========================================================================
Received Import Request.
  Time since last request: 128.321532 seconds.
  path: Assets/ArtFolder/Minigames
  artifactKey: Guid(eedc67543ca6e2440a3e2ef9f21f934c) Importer(815301076,1909f56bfc062723c751e8b465ee728b)
Start importing Assets/ArtFolder/Minigames using Guid(eedc67543ca6e2440a3e2ef9f21f934c) Importer(815301076,1909f56bfc062723c751e8b465ee728b)  -> (artifact id: 'c913b854499ec39cedbc5131c4bb2c21') in 0.015127 seconds
  Import took 0.021140 seconds .

========================================================================
Received Import Request.
  Time since last request: 1.956654 seconds.
  path: Assets/ArtFolder/Minigames/Seashell
  artifactKey: Guid(439b5d781fd66ca4da92538448e7dc84) Importer(815301076,1909f56bfc062723c751e8b465ee728b)
Start importing Assets/ArtFolder/Minigames/Seashell using Guid(439b5d781fd66ca4da92538448e7dc84) Importer(815301076,1909f56bfc062723c751e8b465ee728b)  -> (artifact id: 'ef939ecb47920049b7b472313e167c80') in 0.017600 seconds
  Import took 0.022210 seconds .

========================================================================
Received Import Request.
  Time since last request: 5.732778 seconds.
  path: Assets/ArtFolder/Minigames/Seashell/seashellBG.png
  artifactKey: Guid(1f1df94375497944c8701d1e228cebc6) Importer(815301076,1909f56bfc062723c751e8b465ee728b)
Start importing Assets/ArtFolder/Minigames/Seashell/seashellBG.png using Guid(1f1df94375497944c8701d1e228cebc6) Importer(815301076,1909f56bfc062723c751e8b465ee728b)  -> (artifact id: 'da4dce191b3b760c33c3fb4ac282bcd5') in 0.162329 seconds
  Import took 0.169315 seconds .

========================================================================
Received Import Request.
  Time since last request: 113.094346 seconds.
  path: Assets/Scenes/Minigames/FroggerGame.unity
  artifactKey: Guid(2ec3fbeac2b2d19478b9bee70b92a61c) Importer(815301076,1909f56bfc062723c751e8b465ee728b)
Start importing Assets/Scenes/Minigames/FroggerGame.unity using Guid(2ec3fbeac2b2d19478b9bee70b92a61c) Importer(815301076,1909f56bfc062723c751e8b465ee728b)  -> (artifact id: '110757415037196e7dd0ea9ec677ba60') in 0.010970 seconds
  Import took 0.015849 seconds .

========================================================================
Received Import Request.
  Time since last request: 21.493921 seconds.
  path: Assets/Scenes/Minigames/ShellGame.unity
  artifactKey: Guid(38c8a72880a947949a3bf5ef2fb39fb1) Importer(815301076,1909f56bfc062723c751e8b465ee728b)
Start importing Assets/Scenes/Minigames/ShellGame.unity using Guid(38c8a72880a947949a3bf5ef2fb39fb1) Importer(815301076,1909f56bfc062723c751e8b465ee728b)  -> (artifact id: '47623172231557e5ce057d382a7d7104') in 0.012556 seconds
  Import took 0.017363 seconds .

========================================================================
Received Import Request.
  Time since last request: 51.804269 seconds.
  path: Assets/ArtFolder/3D/Finished/FINISHED/face textures/backpack_tex.png
  artifactKey: Guid(1bd72657eae4b3b46b209889ad2db8ce) Importer(815301076,1909f56bfc062723c751e8b465ee728b)
Start importing Assets/ArtFolder/3D/Finished/FINISHED/face textures/backpack_tex.png using Guid(1bd72657eae4b3b46b209889ad2db8ce) Importer(815301076,1909f56bfc062723c751e8b465ee728b)  -> (artifact id: '52988fdba2602ecb2e4d25dd0761f100') in 0.066929 seconds
  Import took 0.073813 seconds .

========================================================================
Received Import Request.
  Time since last request: 0.000075 seconds.
  path: Assets/ArtFolder/Minigames/Frogger/moneyBags/bag4.png
  artifactKey: Guid(674a71c11222ecb40aea67ddfa1db553) Importer(815301076,1909f56bfc062723c751e8b465ee728b)
Start importing Assets/ArtFolder/Minigames/Frogger/moneyBags/bag4.png using Guid(674a71c11222ecb40aea67ddfa1db553) Importer(815301076,1909f56bfc062723c751e8b465ee728b)  -> (artifact id: 'cb03c8919b8061f98227940cd39ba9fa') in 0.288078 seconds
  Import took 0.297132 seconds .

========================================================================
Received Import Request.
  Time since last request: 0.000172 seconds.
  path: Assets/ArtFolder/3D/Finished/FINISHED/face textures/backpack_tex.png
  artifactKey: Guid(1bd72657eae4b3b46b209889ad2db8ce) Importer(815301076,1909f56bfc062723c751e8b465ee728b)
Start importing Assets/ArtFolder/3D/Finished/FINISHED/face textures/backpack_tex.png using Guid(1bd72657eae4b3b46b209889ad2db8ce) Importer(815301076,1909f56bfc062723c751e8b465ee728b)  -> (artifact id: '52988fdba2602ecb2e4d25dd0761f100') in 0.023661 seconds
  Import took 0.031925 seconds .

========================================================================
Received Import Request.
  Time since last request: 0.000517 seconds.
  path: Assets/ArtFolder/Minigames/Frogger/moneyBags/bag2Shadow.png
  artifactKey: Guid(3b67a5b65c99faa419018bdc4bbbead1) Importer(815301076,1909f56bfc062723c751e8b465ee728b)
Start importing Assets/ArtFolder/Minigames/Frogger/moneyBags/bag2Shadow.png using Guid(3b67a5b65c99faa419018bdc4bbbead1) Importer(815301076,1909f56bfc062723c751e8b465ee728b)  -> (artifact id: '1034d514f60663beb4c49b571146bc6c') in 0.060566 seconds
  Import took 0.068079 seconds .

========================================================================
Received Import Request.
  Time since last request: 0.000157 seconds.
  path: Assets/ArtFolder/Minigames/Frogger/moneyBags/bag1Shadow.png
  artifactKey: Guid(151baf6a246bc8e40bef569a7b82c1ab) Importer(815301076,1909f56bfc062723c751e8b465ee728b)
Start importing Assets/ArtFolder/Minigames/Frogger/moneyBags/bag1Shadow.png using Guid(151baf6a246bc8e40bef569a7b82c1ab) Importer(815301076,1909f56bfc062723c751e8b465ee728b)  -> (artifact id: '134377cb53dea261940eb9607f94e7d9') in 0.032920 seconds
  Import took 0.040261 seconds .

========================================================================
Received Import Request.
  Time since last request: 0.000058 seconds.
  path: Assets/ArtFolder/Minigames/Frogger/moneyBags/bag2Shadow.png
  artifactKey: Guid(3b67a5b65c99faa419018bdc4bbbead1) Importer(815301076,1909f56bfc062723c751e8b465ee728b)
Start importing Assets/ArtFolder/Minigames/Frogger/moneyBags/bag2Shadow.png using Guid(3b67a5b65c99faa419018bdc4bbbead1) Importer(815301076,1909f56bfc062723c751e8b465ee728b)  -> (artifact id: '1034d514f60663beb4c49b571146bc6c') in 0.015793 seconds
  Import took 0.022185 seconds .

========================================================================
Received Import Request.
  Time since last request: 0.000253 seconds.
  path: Assets/ArtFolder/Minigames/Frogger/moneyBags/bag4Shadow.png
  artifactKey: Guid(96d16a55370367e4fb4276c6efa516dc) Importer(815301076,1909f56bfc062723c751e8b465ee728b)
Start importing Assets/ArtFolder/Minigames/Frogger/moneyBags/bag4Shadow.png using Guid(96d16a55370367e4fb4276c6efa516dc) Importer(815301076,1909f56bfc062723c751e8b465ee728b)  -> (artifact id: '7fafd5a1562fe3c2a5cd7a4d1eae099f') in 0.054128 seconds
  Import took 0.061163 seconds .

========================================================================
Received Import Request.
  Time since last request: 0.000177 seconds.
  path: Assets/ArtFolder/Minigames/Frogger/moneyBags/bag3.png
  artifactKey: Guid(1467a2dc81ec21d47954a1c6d9225482) Importer(815301076,1909f56bfc062723c751e8b465ee728b)
Start importing Assets/ArtFolder/Minigames/Frogger/moneyBags/bag3.png using Guid(1467a2dc81ec21d47954a1c6d9225482) Importer(815301076,1909f56bfc062723c751e8b465ee728b)  -> (artifact id: '13544fece85ecb45804fbc37822e80c9') in 0.064907 seconds
  Import took 0.070015 seconds .

========================================================================
Received Import Request.
  Time since last request: 0.001000 seconds.
  path: Assets/ArtFolder/Minigames/Frogger/moneyBags/bag1.png
  artifactKey: Guid(4bc747b975f842a4982b881611466081) Importer(815301076,1909f56bfc062723c751e8b465ee728b)
Start importing Assets/ArtFolder/Minigames/Frogger/moneyBags/bag1.png using Guid(4bc747b975f842a4982b881611466081) Importer(815301076,1909f56bfc062723c751e8b465ee728b)  -> (artifact id: 'dcb274a3837de238f34b623777f47729') in 0.024893 seconds
  Import took 0.033764 seconds .

========================================================================
Received Import Request.
  Time since last request: 0.000262 seconds.
  path: Assets/ArtFolder/Minigames/Frogger/moneyBags/bag3Shadow.png
  artifactKey: Guid(7845f7f0bd5b63544a0a60bdec0c1951) Importer(815301076,1909f56bfc062723c751e8b465ee728b)
Start importing Assets/ArtFolder/Minigames/Frogger/moneyBags/bag3Shadow.png using Guid(7845f7f0bd5b63544a0a60bdec0c1951) Importer(815301076,1909f56bfc062723c751e8b465ee728b)  -> (artifact id: '010d908afffd5b8b09a5015dd10a8bdc') in 0.043596 seconds
  Import took 0.048451 seconds .

========================================================================
Received Import Request.
  Time since last request: 0.000165 seconds.
  path: Assets/ArtFolder/Minigames/Frogger/moneyBags/bag2.png
  artifactKey: Guid(8444fc71273fe9949a4dd84cc5eb827f) Importer(815301076,1909f56bfc062723c751e8b465ee728b)
Start importing Assets/ArtFolder/Minigames/Frogger/moneyBags/bag2.png using Guid(8444fc71273fe9949a4dd84cc5eb827f) Importer(815301076,1909f56bfc062723c751e8b465ee728b)  -> (artifact id: '07c28ea355d4f25c9d4708ffbd8f10eb') in 0.060950 seconds
  Import took 0.067104 seconds .

========================================================================
Received Prepare
Registering precompiled user dll's ...
Registered in 0.001940 seconds.
Begin MonoManager ReloadAssembly
Native extension for WindowsStandalone target not found
Refreshing native plugins compatible for Editor in 1.16 ms, found 0 plugins.
Preloading 0 native plugins for Editor in 0.00 ms.
Invoked RoslynAnalysisRunner static constructor.
RoslynAnalysisRunner will not be running.
RoslynAnalysisRunner has terminated.
Mono: successfully reloaded assembly
- Completed reload, in  1.317 seconds
Platform modules already initialized, skipping
Shader 'Universal Render Pipeline/Particles/Lit': fallback shader 'Universal Render Pipeline/Particles/SimpleLit' not found
Refreshing native plugins compatible for Editor in 1.00 ms, found 0 plugins.
Preloading 0 native plugins for Editor in 0.00 ms.
Unloading 2457 Unused Serialized files (Serialized files now loaded: 0)
System memory in use before: 118.5 MB.
System memory in use after: 118.7 MB.

Unloading 5 unused Assets to reduce memory usage. Loaded Objects now: 3043.
Total: 2.205900 ms (FindLiveObjects: 0.243700 ms CreateObjectMapping: 0.112600 ms MarkObjects: 1.824200 ms  DeleteObjects: 0.024300 ms)

========================================================================
Received Import Request.
  Time since last request: 69.855564 seconds.
  path: Assets/Scripts/Minigames/ShellGame/Chest.cs
  artifactKey: Guid(3054d614a6678f94a80bcc2d76acccc3) Importer(815301076,1909f56bfc062723c751e8b465ee728b)
Start importing Assets/Scripts/Minigames/ShellGame/Chest.cs using Guid(3054d614a6678f94a80bcc2d76acccc3) Importer(815301076,1909f56bfc062723c751e8b465ee728b)  -> (artifact id: 'c8b62f6af5a98e74765856cb681f78ae') in 0.014737 seconds
  Import took 0.022168 seconds .

========================================================================
Received Prepare
Registering precompiled user dll's ...
Registered in 0.001712 seconds.
Begin MonoManager ReloadAssembly
Native extension for WindowsStandalone target not found
Refreshing native plugins compatible for Editor in 1.05 ms, found 0 plugins.
Preloading 0 native plugins for Editor in 0.00 ms.
Invoked RoslynAnalysisRunner static constructor.
RoslynAnalysisRunner will not be running.
RoslynAnalysisRunner has terminated.
Mono: successfully reloaded assembly
- Completed reload, in  1.011 seconds
Platform modules already initialized, skipping
Shader 'Universal Render Pipeline/Particles/Lit': fallback shader 'Universal Render Pipeline/Particles/SimpleLit' not found
Refreshing native plugins compatible for Editor in 1.01 ms, found 0 plugins.
Preloading 0 native plugins for Editor in 0.00 ms.
Unloading 2458 Unused Serialized files (Serialized files now loaded: 0)
System memory in use before: 118.5 MB.
System memory in use after: 118.7 MB.

Unloading 5 unused Assets to reduce memory usage. Loaded Objects now: 3047.
Total: 2.217600 ms (FindLiveObjects: 0.237300 ms CreateObjectMapping: 0.105100 ms MarkObjects: 1.850800 ms  DeleteObjects: 0.023200 ms)

========================================================================
Received Prepare
Registering precompiled user dll's ...
Registered in 0.002063 seconds.
Begin MonoManager ReloadAssembly
Native extension for WindowsStandalone target not found
Refreshing native plugins compatible for Editor in 1.24 ms, found 0 plugins.
Preloading 0 native plugins for Editor in 0.00 ms.
Invoked RoslynAnalysisRunner static constructor.
RoslynAnalysisRunner will not be running.
RoslynAnalysisRunner has terminated.
Mono: successfully reloaded assembly
- Completed reload, in  1.193 seconds
Platform modules already initialized, skipping
Shader 'Universal Render Pipeline/Particles/Lit': fallback shader 'Universal Render Pipeline/Particles/SimpleLit' not found
Refreshing native plugins compatible for Editor in 1.05 ms, found 0 plugins.
Preloading 0 native plugins for Editor in 0.00 ms.
Unloading 2458 Unused Serialized files (Serialized files now loaded: 0)
System memory in use before: 118.5 MB.
System memory in use after: 118.8 MB.

Unloading 5 unused Assets to reduce memory usage. Loaded Objects now: 3050.
Total: 2.505900 ms (FindLiveObjects: 0.274100 ms CreateObjectMapping: 0.111900 ms MarkObjects: 2.090800 ms  DeleteObjects: 0.027500 ms)

========================================================================
Received Import Request.
  Time since last request: 148.894422 seconds.
  path: Assets/Scripts/Minigames/ShellGame/Chest.cs
  artifactKey: Guid(3054d614a6678f94a80bcc2d76acccc3) Importer(815301076,1909f56bfc062723c751e8b465ee728b)
Start importing Assets/Scripts/Minigames/ShellGame/Chest.cs using Guid(3054d614a6678f94a80bcc2d76acccc3) Importer(815301076,1909f56bfc062723c751e8b465ee728b)  -> (artifact id: 'bf8905911268fdac175c89965eca7d31') in 0.005560 seconds
  Import took 0.010008 seconds .

========================================================================
Received Import Request.
  Time since last request: 101.599078 seconds.
  path: Assets/Scripts/Minigames/FroggerGame/Bag.cs
  artifactKey: Guid(706d8692b92a3e542b0ed699cf0259d0) Importer(815301076,1909f56bfc062723c751e8b465ee728b)
Start importing Assets/Scripts/Minigames/FroggerGame/Bag.cs using Guid(706d8692b92a3e542b0ed699cf0259d0) Importer(815301076,1909f56bfc062723c751e8b465ee728b)  -> (artifact id: '0d49012eb383377fee567b0159b372dc') in 0.010380 seconds
  Import took 0.015157 seconds .

========================================================================
Received Import Request.
  Time since last request: 29.645875 seconds.
  path: Assets/Scenes/Minigames/ShellGame.unity
  artifactKey: Guid(38c8a72880a947949a3bf5ef2fb39fb1) Importer(815301076,1909f56bfc062723c751e8b465ee728b)
Start importing Assets/Scenes/Minigames/ShellGame.unity using Guid(38c8a72880a947949a3bf5ef2fb39fb1) Importer(815301076,1909f56bfc062723c751e8b465ee728b)  -> (artifact id: 'b7e9b9b1cfe484d61937497339fa3394') in 0.010894 seconds
  Import took 0.016573 seconds .

========================================================================
Received Import Request.
  Time since last request: 92.547512 seconds.
  path: ProjectSettings/TagManager.asset
  artifactKey: Guid(00000000000000003000000000000000) Importer(815301076,1909f56bfc062723c751e8b465ee728b)
Start importing ProjectSettings/TagManager.asset using Guid(00000000000000003000000000000000) Importer(815301076,1909f56bfc062723c751e8b465ee728b)  -> (artifact id: 'd73cb7b72befc02fd8e57008012cd21d') in 0.015969 seconds
  Import took 0.021089 seconds .

========================================================================
Received Import Request.
  Time since last request: 146.509621 seconds.
  path: Assets/ArtFolder/Minigames/Seashell/tideIdle
  artifactKey: Guid(4aeef9dee80e8cd45aab4b2be7a3e0fc) Importer(815301076,1909f56bfc062723c751e8b465ee728b)
Start importing Assets/ArtFolder/Minigames/Seashell/tideIdle using Guid(4aeef9dee80e8cd45aab4b2be7a3e0fc) Importer(815301076,1909f56bfc062723c751e8b465ee728b)  -> (artifact id: '36bec95b27e9bc865927d758fe9df38a') in 0.008308 seconds
  Import took 0.013869 seconds .

========================================================================
Received Import Request.
  Time since last request: 2.725350 seconds.
  path: Assets/ArtFolder/Minigames/Seashell/tideIdle/tideIdle6.png
  artifactKey: Guid(db07262359281d14f8f022a94bccf385) Importer(815301076,1909f56bfc062723c751e8b465ee728b)
Start importing Assets/ArtFolder/Minigames/Seashell/tideIdle/tideIdle6.png using Guid(db07262359281d14f8f022a94bccf385) Importer(815301076,1909f56bfc062723c751e8b465ee728b)  -> (artifact id: '39e13e129adce8b17ab137fc7964d93b') in 0.050216 seconds
  Import took 0.055585 seconds .

========================================================================
Received Import Request.
  Time since last request: 0.516263 seconds.
  path: Assets/ArtFolder/Minigames/Seashell/tideIdle/tideIdle3.png
  artifactKey: Guid(9c55a72fb6ad9564db0ddaca0c8fa6c8) Importer(815301076,1909f56bfc062723c751e8b465ee728b)
Start importing Assets/ArtFolder/Minigames/Seashell/tideIdle/tideIdle3.png using Guid(9c55a72fb6ad9564db0ddaca0c8fa6c8) Importer(815301076,1909f56bfc062723c751e8b465ee728b)  -> (artifact id: '7e4f59b500080e2174658f83c285b691') in 0.017795 seconds
  Import took 0.022171 seconds .

========================================================================
Received Import Request.
  Time since last request: 10.467047 seconds.
  path: Assets/ArtFolder/Minigames/Seashell/tideIdle/tideIdle0.png
  artifactKey: Guid(46a47f2f496dcf44ea7f3f5346250987) Importer(815301076,1909f56bfc062723c751e8b465ee728b)
Start importing Assets/ArtFolder/Minigames/Seashell/tideIdle/tideIdle0.png using Guid(46a47f2f496dcf44ea7f3f5346250987) Importer(815301076,1909f56bfc062723c751e8b465ee728b)  -> (artifact id: '1d493eade8a89fca7a8ec844f086ba8d') in 0.023616 seconds
  Import took 0.030948 seconds .

========================================================================
Received Prepare
Registering precompiled user dll's ...
Registered in 0.001898 seconds.
Begin MonoManager ReloadAssembly
Native extension for WindowsStandalone target not found
Refreshing native plugins compatible for Editor in 1.11 ms, found 0 plugins.
Preloading 0 native plugins for Editor in 0.00 ms.
Invoked RoslynAnalysisRunner static constructor.
RoslynAnalysisRunner will not be running.
RoslynAnalysisRunner has terminated.
Mono: successfully reloaded assembly
- Completed reload, in  1.200 seconds
Platform modules already initialized, skipping
Shader 'Universal Render Pipeline/Particles/Lit': fallback shader 'Universal Render Pipeline/Particles/SimpleLit' not found
Refreshing native plugins compatible for Editor in 1.39 ms, found 0 plugins.
Preloading 0 native plugins for Editor in 0.00 ms.
Unloading 2458 Unused Serialized files (Serialized files now loaded: 0)
System memory in use before: 118.5 MB.
System memory in use after: 118.7 MB.

Unloading 6 unused Assets to reduce memory usage. Loaded Objects now: 3054.
Total: 2.446100 ms (FindLiveObjects: 0.256500 ms CreateObjectMapping: 0.111800 ms MarkObjects: 2.049400 ms  DeleteObjects: 0.027100 ms)

========================================================================
Received Import Request.
  Time since last request: 1043.759496 seconds.
  path: Assets/Scripts/Minigames/TuntablesGame/FrameIcon.cs
  artifactKey: Guid(0dfd11642f79a6148af0c0e7989ab919) Importer(815301076,1909f56bfc062723c751e8b465ee728b)
Start importing Assets/Scripts/Minigames/TuntablesGame/FrameIcon.cs using Guid(0dfd11642f79a6148af0c0e7989ab919) Importer(815301076,1909f56bfc062723c751e8b465ee728b)  -> (artifact id: 'b887360bbdcea0742121fd77e60ceef3') in 0.026411 seconds
  Import took 0.033126 seconds .

========================================================================
Received Import Request.
  Time since last request: 0.364638 seconds.
  path: Assets/Scripts/Minigames/TuntablesGame/TurntablesGameManager.cs
  artifactKey: Guid(89e80a9d50e3ef54ebeaae10070026a2) Importer(815301076,1909f56bfc062723c751e8b465ee728b)
Start importing Assets/Scripts/Minigames/TuntablesGame/TurntablesGameManager.cs using Guid(89e80a9d50e3ef54ebeaae10070026a2) Importer(815301076,1909f56bfc062723c751e8b465ee728b)  -> (artifact id: 'ad1f0764683913d9e9178159550d5490') in 0.009890 seconds
  Import took 0.017566 seconds .

========================================================================
Received Import Request.
  Time since last request: 47.018486 seconds.
  path: Assets/Scripts/Minigames/FroggerGame/FroggerGameManager.cs
  artifactKey: Guid(0c90f7d5b5dd7d447b45fbf59e9e1d06) Importer(815301076,1909f56bfc062723c751e8b465ee728b)
Start importing Assets/Scripts/Minigames/FroggerGame/FroggerGameManager.cs using Guid(0c90f7d5b5dd7d447b45fbf59e9e1d06) Importer(815301076,1909f56bfc062723c751e8b465ee728b)  -> (artifact id: '8d62a62bed5062b2af6ff6efd37b1826') in 0.008696 seconds
  Import took 0.013955 seconds .

========================================================================
Received Import Request.
  Time since last request: 10.425853 seconds.
  path: Assets/Scripts/Minigames/FroggerGame/GorillaController.cs
  artifactKey: Guid(25bff12bb0f9ac94499eab4afe1d03eb) Importer(815301076,1909f56bfc062723c751e8b465ee728b)
Start importing Assets/Scripts/Minigames/FroggerGame/GorillaController.cs using Guid(25bff12bb0f9ac94499eab4afe1d03eb) Importer(815301076,1909f56bfc062723c751e8b465ee728b)  -> (artifact id: '56cf76da2c7b2c952d5f4113b357a170') in 0.010792 seconds
  Import took 0.016391 seconds .

========================================================================
Received Prepare
Registering precompiled user dll's ...
Registered in 0.001775 seconds.
Begin MonoManager ReloadAssembly
Native extension for WindowsStandalone target not found
Refreshing native plugins compatible for Editor in 1.76 ms, found 0 plugins.
Preloading 0 native plugins for Editor in 0.00 ms.
Invoked RoslynAnalysisRunner static constructor.
RoslynAnalysisRunner will not be running.
RoslynAnalysisRunner has terminated.
Mono: successfully reloaded assembly
- Completed reload, in  1.036 seconds
Platform modules already initialized, skipping
Shader 'Universal Render Pipeline/Particles/Lit': fallback shader 'Universal Render Pipeline/Particles/SimpleLit' not found
Refreshing native plugins compatible for Editor in 1.15 ms, found 0 plugins.
Preloading 0 native plugins for Editor in 0.00 ms.
Unloading 2458 Unused Serialized files (Serialized files now loaded: 0)
System memory in use before: 118.6 MB.
System memory in use after: 118.8 MB.

Unloading 5 unused Assets to reduce memory usage. Loaded Objects now: 3057.
Total: 2.774400 ms (FindLiveObjects: 0.260800 ms CreateObjectMapping: 0.110200 ms MarkObjects: 2.374200 ms  DeleteObjects: 0.027500 ms)

========================================================================
Received Import Request.
  Time since last request: 396.445175 seconds.
  path: Assets/Scripts/Minigames/ShellGame/OctoController.cs
  artifactKey: Guid(d4be41c65ccaa1641ae450008386859a) Importer(815301076,1909f56bfc062723c751e8b465ee728b)
Start importing Assets/Scripts/Minigames/ShellGame/OctoController.cs using Guid(d4be41c65ccaa1641ae450008386859a) Importer(815301076,1909f56bfc062723c751e8b465ee728b)  -> (artifact id: 'bca8789cb6f00a1d59b238dd0acc479d') in 0.013795 seconds
  Import took 0.021995 seconds .

========================================================================
Received Prepare
Registering precompiled user dll's ...
Registered in 0.003048 seconds.
Begin MonoManager ReloadAssembly
Native extension for WindowsStandalone target not found
Refreshing native plugins compatible for Editor in 1.44 ms, found 0 plugins.
Preloading 0 native plugins for Editor in 0.00 ms.
Invoked RoslynAnalysisRunner static constructor.
RoslynAnalysisRunner will not be running.
RoslynAnalysisRunner has terminated.
Mono: successfully reloaded assembly
- Completed reload, in  1.158 seconds
Platform modules already initialized, skipping
Shader 'Universal Render Pipeline/Particles/Lit': fallback shader 'Universal Render Pipeline/Particles/SimpleLit' not found
Refreshing native plugins compatible for Editor in 1.33 ms, found 0 plugins.
Preloading 0 native plugins for Editor in 0.00 ms.
Unloading 2459 Unused Serialized files (Serialized files now loaded: 0)
System memory in use before: 118.6 MB.
System memory in use after: 118.8 MB.

Unloading 5 unused Assets to reduce memory usage. Loaded Objects now: 3061.
Total: 2.745300 ms (FindLiveObjects: 0.354000 ms CreateObjectMapping: 0.206700 ms MarkObjects: 2.168300 ms  DeleteObjects: 0.015300 ms)

========================================================================
Received Import Request.
  Time since last request: 13.859794 seconds.
  path: Assets/Scripts/Minigames/ShellGame/MermaidController.cs
  artifactKey: Guid(4612581c1d5baab47a68bd77190bd483) Importer(815301076,1909f56bfc062723c751e8b465ee728b)
Start importing Assets/Scripts/Minigames/ShellGame/MermaidController.cs using Guid(4612581c1d5baab47a68bd77190bd483) Importer(815301076,1909f56bfc062723c751e8b465ee728b)  -> (artifact id: 'e12be0d41ae66274764d485e8683699e') in 0.045431 seconds
  Import took 0.056389 seconds .

========================================================================
Received Prepare
Registering precompiled user dll's ...
Registered in 0.001638 seconds.
Begin MonoManager ReloadAssembly
Native extension for WindowsStandalone target not found
Refreshing native plugins compatible for Editor in 0.97 ms, found 0 plugins.
Preloading 0 native plugins for Editor in 0.00 ms.
Invoked RoslynAnalysisRunner static constructor.
RoslynAnalysisRunner will not be running.
RoslynAnalysisRunner has terminated.
Mono: successfully reloaded assembly
- Completed reload, in  1.214 seconds
Platform modules already initialized, skipping
Shader 'Universal Render Pipeline/Particles/Lit': fallback shader 'Universal Render Pipeline/Particles/SimpleLit' not found
Refreshing native plugins compatible for Editor in 1.04 ms, found 0 plugins.
Preloading 0 native plugins for Editor in 0.00 ms.
Unloading 2460 Unused Serialized files (Serialized files now loaded: 0)
System memory in use before: 118.6 MB.
System memory in use after: 118.9 MB.

Unloading 5 unused Assets to reduce memory usage. Loaded Objects now: 3065.
Total: 2.517800 ms (FindLiveObjects: 0.256300 ms CreateObjectMapping: 0.114100 ms MarkObjects: 2.128500 ms  DeleteObjects: 0.017700 ms)

========================================================================
Received Import Request.
  Time since last request: 6.116216 seconds.
  path: Assets/Scripts/Minigames/FroggerGame
  artifactKey: Guid(4b9f554f3fe31cf4384feff8693fc460) Importer(815301076,1909f56bfc062723c751e8b465ee728b)
Start importing Assets/Scripts/Minigames/FroggerGame using Guid(4b9f554f3fe31cf4384feff8693fc460) Importer(815301076,1909f56bfc062723c751e8b465ee728b)  -> (artifact id: '0f0d85a2d3ad27a277ceef43e69de6bf') in 0.009958 seconds
  Import took 0.014992 seconds .

========================================================================
Received Import Request.
  Time since last request: 2.617945 seconds.
  path: Assets/Scripts/Minigames/TuntablesGame
  artifactKey: Guid(b6d5ca99d5d98a44b8856fa649f8e4dd) Importer(815301076,1909f56bfc062723c751e8b465ee728b)
Start importing Assets/Scripts/Minigames/TuntablesGame using Guid(b6d5ca99d5d98a44b8856fa649f8e4dd) Importer(815301076,1909f56bfc062723c751e8b465ee728b)  -> (artifact id: 'dcd42c263da759cfa9070302d2cbf315') in 0.006471 seconds
  Import took 0.011412 seconds .

========================================================================
Received Import Request.
  Time since last request: 352.131874 seconds.
  path: Assets/Scenes/Minigames/ShellGame.unity
  artifactKey: Guid(38c8a72880a947949a3bf5ef2fb39fb1) Importer(815301076,1909f56bfc062723c751e8b465ee728b)
Start importing Assets/Scenes/Minigames/ShellGame.unity using Guid(38c8a72880a947949a3bf5ef2fb39fb1) Importer(815301076,1909f56bfc062723c751e8b465ee728b)  -> (artifact id: 'fe7e460b9e816f592e02cb83fe7a2970') in 0.011802 seconds
  Import took 0.017122 seconds .

========================================================================
Received Import Request.
  Time since last request: 222.931857 seconds.
  path: Assets/Animations/TaxiBird/TaxiBird.controller
  artifactKey: Guid(d652c1b482c3cf54ba472353577d2ca7) Importer(815301076,1909f56bfc062723c751e8b465ee728b)
Start importing Assets/Animations/TaxiBird/TaxiBird.controller using Guid(d652c1b482c3cf54ba472353577d2ca7) Importer(815301076,1909f56bfc062723c751e8b465ee728b)  -> (artifact id: 'e67e69eb3558a687d4b13b358e524093') in 0.033134 seconds
  Import took 0.038022 seconds .

========================================================================
Received Import Request.
  Time since last request: 2.168899 seconds.
  path: Assets/Animations/TaxiBird/taxi_twitch.anim
  artifactKey: Guid(55e98c7a1b1def04680868f8f45f0ca3) Importer(815301076,1909f56bfc062723c751e8b465ee728b)
Start importing Assets/Animations/TaxiBird/taxi_twitch.anim using Guid(55e98c7a1b1def04680868f8f45f0ca3) Importer(815301076,1909f56bfc062723c751e8b465ee728b)  -> (artifact id: '18b3b50bfd4faaa511e79b9ac80faab7') in 0.011989 seconds
  Import took 0.017902 seconds .

========================================================================
Received Import Request.
  Time since last request: 1.496732 seconds.
  path: Assets/Animations/TaxiBird/taxi_celebrate.anim
  artifactKey: Guid(2da2df61e037a0f4d8e3d9a52e1d7f76) Importer(815301076,1909f56bfc062723c751e8b465ee728b)
Start importing Assets/Animations/TaxiBird/taxi_celebrate.anim using Guid(2da2df61e037a0f4d8e3d9a52e1d7f76) Importer(815301076,1909f56bfc062723c751e8b465ee728b)  -> (artifact id: '9389f699d80e53252ca560f9adffc77d') in 0.008774 seconds
  Import took 0.015390 seconds .

========================================================================
Received Import Request.
  Time since last request: 0.035832 seconds.
  path: Assets/Animations/TaxiBird/taxi_idle.anim
  artifactKey: Guid(303ab7823ea0d4f469cfa769c51373f8) Importer(815301076,1909f56bfc062723c751e8b465ee728b)
Start importing Assets/Animations/TaxiBird/taxi_idle.anim using Guid(303ab7823ea0d4f469cfa769c51373f8) Importer(815301076,1909f56bfc062723c751e8b465ee728b)  -> (artifact id: '158747cb1476bdea34805701b0c06cd4') in 0.010796 seconds
  Import took 0.016422 seconds .

AssetImportWorkerClient::OnTransportError - code=2 error=End of file
